<?xml version="1.0" encoding="UTF-8"?>
<!-- Generated by org.testng.reporters.JUnitReportReporter -->
<testsuite hostname="DESKTOP-6KCCC2T" failures="0" tests="1" name="assignmentJenkins.HW_Wikipedia" time="8.945" errors="0" timestamp="2023-06-26T00:30:20 IST" skipped="0">
  <testcase classname="assignmentJenkins.HW_Wikipedia" name="wikipedia" time="8.945"/>
  <system-out/>
</testsuite> <!-- assignmentJenkins.HW_Wikipedia -->
