<?xml version="1.0" encoding="UTF-8"?>
<!-- Generated by org.testng.reporters.JUnitReportReporter -->
<testsuite hostname="DESKTOP-6KCCC2T" failures="0" tests="1" name="assignmentJenkins.Hw_OrangeHRMLogin" time="18.911" errors="0" timestamp="2023-06-25T23:09:35 IST" skipped="0">
  <testcase classname="assignmentJenkins.Hw_OrangeHRMLogin" name="OrangeHRMLoginTestNGTest" time="18.911"/>
  <system-out/>
</testsuite> <!-- assignmentJenkins.Hw_OrangeHRMLogin -->
