<?xml version="1.0" encoding="UTF-8"?>
<!-- Generated by org.testng.reporters.JUnitReportReporter -->
<testsuite hostname="DESKTOP-6KCCC2T" failures="0" tests="1" name="assignmentJenkins.Hw_CustomizedTours" time="4.492" errors="0" timestamp="2023-06-25T23:09:35 IST" skipped="0">
  <testcase classname="assignmentJenkins.Hw_CustomizedTours" name="webElementMethods" time="4.492"/>
  <system-out/>
</testsuite> <!-- assignmentJenkins.Hw_CustomizedTours -->
